2024-11-17 15:09:37,737  -  __main__  -  INFO:    Downloading files...
    From:  https://mostwiedzy.pl/en/open-research-data/images-of-lego-bricks,202309140837142278781-0/download
    Named:  real_image_dataset
    To path:  c:\Users\chris\Desktop\GitHub\lego-sorter\src\data
2024-11-17 15:22:39,875  -  __main__  -  INFO:    Downloading files...
    From:  https://mostwiedzy.pl/en/open-research-data/images-of-lego-bricks,202309140837142278781-0/download
    Named:  real_image_dataset
    To path:  c:\Users\chris\Desktop\GitHub\lego-sorter\src\data
2024-11-17 15:24:01,215  -  __main__  -  INFO:    Downloading files...
    From:  https://mostwiedzy.pl/en/open-research-data/images-of-lego-bricks,202309140837142278781-0/download
    Named:  real_image_dataset
    To path:  c:\Users\chris\Desktop\GitHub\lego-sorter\data
2024-11-17 15:24:46,920  -  __main__  -  INFO:    Downloading files...
    From:  https://mostwiedzy.pl/en/open-research-data/images-of-lego-bricks,202309140837142278781-0/download
    Named:  real_image_dataset
    To path:  c:\Users\chris\Desktop\GitHub\lego-sorter\data
2024-11-17 15:26:38,976  -  __main__  -  INFO:    Successfully downloaded dataset files from: https://mostwiedzy.pl/en/open-research-data/images-of-lego-bricks,202309140837142278781-0/download!
2024-11-17 15:31:24,815  -  __main__  -  INFO:    Downloading files...
    From:  https://mostwiedzy.pl/en/open-research-data/images-of-lego-bricks,202309140837142278781-0/download.zip
    Named:  real_image_dataset
    To path:  c:\Users\chris\Desktop\GitHub\lego-sorter\data
2024-11-17 15:34:25,705  -  __main__  -  INFO:    Downloading files...
    From:  https://mostwiedzy.pl/en/open-research-data/images-of-lego-bricks,202309140837142278781-0/download
    Named:  real_image_dataset
    To path:  c:\Users\chris\Desktop\GitHub\lego-sorter\data
2024-11-17 15:36:15,732  -  __main__  -  INFO:    Successfully downloaded dataset files from: https://mostwiedzy.pl/en/open-research-data/images-of-lego-bricks,202309140837142278781-0/download!
2024-11-17 15:48:39,650  -  __main__  -  INFO:    Downloading files...
    From:  https://mostwiedzy.pl/en/open-research-data/images-of-lego-bricks,202309140837142278781-0/download
    Named:  real_image_dataset
    To path:  c:\Users\chris\Desktop\GitHub\lego-sorter\data
2024-11-17 15:51:16,314  -  __main__  -  INFO:    Successfully downloaded dataset files from: https://mostwiedzy.pl/en/open-research-data/images-of-lego-bricks,202309140837142278781-0/download!
2024-11-17 15:53:46,974  -  __main__  -  INFO:    Downloading files...
    From:  https://mostwiedzy.pl/en/open-research-data/images-of-lego-bricks,202309140837142278781-0/download
    Named:  real_image_dataset
    To path:  c:\Users\chris\Desktop\GitHub\lego-sorter\data
2024-11-17 15:55:35,567  -  __main__  -  INFO:    Successfully downloaded dataset files from: https://mostwiedzy.pl/en/open-research-data/images-of-lego-bricks,202309140837142278781-0/download!
2024-11-17 16:16:08,534  -  __main__  -  INFO:    Downloading files...
    From:  https://mostwiedzy.pl/en/open-research-data/lego-bricks-for-training-classification-network,202309140842198941751-0/download
    Named:  synthetic_and_real_mix_dataset
    To path:  c:\Users\chris\Desktop\GitHub\lego-sorter\data
2024-11-17 16:26:48,783  -  __main__  -  INFO:    Successfully downloaded dataset files from: https://mostwiedzy.pl/en/open-research-data/lego-bricks-for-training-classification-network,202309140842198941751-0/download!
